<?xml version="1.0" encoding="UTF-8"?>
<testng-results ignored="0" total="3" passed="3" failed="0" skipped="0">
  <reporter-output>
  </reporter-output>
  <suite started-at="2025-06-27T17:06:41 IST" name="Bdd_Suite" finished-at="2025-06-27T17:07:18 IST" duration-ms="37305">
    <groups>
      <group name="cucumber">
        <method signature="AbstractTestNGCucumberTests.runScenario(io.cucumber.testng.PickleWrapper,io.cucumber.testng.FeatureWrapper)[pri:0, instance:cogmentoCRM.Web.runners.AllureTestNGRunner@379ce046]" name="runScenario" class="io.cucumber.testng.AbstractTestNGCucumberTests"/>
      </group> <!-- cucumber -->
    </groups>
    <test started-at="2025-06-27T17:06:41 IST" name="Regression Test" finished-at="2025-06-27T17:07:18 IST" duration-ms="37305">
      <class name="cogmentoCRM.Web.runners.AllureTestNGRunner">
        <test-method is-config="true" signature="setUpClass(org.testng.ITestContext)[pri:0, instance:cogmentoCRM.Web.runners.AllureTestNGRunner@379ce046]" started-at="2025-06-27T17:06:41 IST" name="setUpClass" finished-at="2025-06-27T17:06:42 IST" duration-ms="1244" status="PASS">
          <params>
            <param index="0">
              <value>
                <![CDATA[org.testng.TestRunner@53d30d23]]>
              </value>
            </param>
          </params>
          <reporter-output>
          </reporter-output>
        </test-method> <!-- setUpClass -->
        <test-method signature="runScenario(io.cucumber.testng.PickleWrapper,io.cucumber.testng.FeatureWrapper)[pri:0, instance:cogmentoCRM.Web.runners.AllureTestNGRunner@379ce046]" started-at="2025-06-27T17:06:42 IST" name="runScenario" description="Runs Cucumber Scenarios" data-provider="scenarios" finished-at="2025-06-27T17:07:15 IST" duration-ms="32395" status="PASS">
          <params>
            <param index="0">
              <value>
                <![CDATA[""]]>
              </value>
            </param>
            <param index="1">
              <value>
                <![CDATA["Unknown"]]>
              </value>
            </param>
          </params>
          <reporter-output>
          </reporter-output>
        </test-method> <!-- runScenario -->
        <test-method signature="runScenario(io.cucumber.testng.PickleWrapper,io.cucumber.testng.FeatureWrapper)[pri:0, instance:cogmentoCRM.Web.runners.AllureTestNGRunner@379ce046]" started-at="2025-06-27T17:06:42 IST" name="runScenario" description="Runs Cucumber Scenarios" data-provider="scenarios" finished-at="2025-06-27T17:07:18 IST" duration-ms="35922" status="PASS">
          <params>
            <param index="0">
              <value>
                <![CDATA["Add a new contact and validate it is listed"]]>
              </value>
            </param>
            <param index="1">
              <value>
                <![CDATA["Unknown"]]>
              </value>
            </param>
          </params>
          <reporter-output>
          </reporter-output>
        </test-method> <!-- runScenario -->
        <test-method signature="runScenario(io.cucumber.testng.PickleWrapper,io.cucumber.testng.FeatureWrapper)[pri:0, instance:cogmentoCRM.Web.runners.AllureTestNGRunner@379ce046]" started-at="2025-06-27T17:06:42 IST" name="runScenario" description="Runs Cucumber Scenarios" data-provider="scenarios" finished-at="2025-06-27T17:07:10 IST" duration-ms="27489" status="PASS">
          <params>
            <param index="0">
              <value>
                <![CDATA[""]]>
              </value>
            </param>
            <param index="1">
              <value>
                <![CDATA["Unknown"]]>
              </value>
            </param>
          </params>
          <reporter-output>
          </reporter-output>
        </test-method> <!-- runScenario -->
        <test-method is-config="true" signature="tearDownClass()[pri:0, instance:cogmentoCRM.Web.runners.AllureTestNGRunner@379ce046]" started-at="2025-06-27T17:07:18 IST" name="tearDownClass" finished-at="2025-06-27T17:07:18 IST" duration-ms="34" status="PASS">
          <reporter-output>
          </reporter-output>
        </test-method> <!-- tearDownClass -->
      </class> <!-- cogmentoCRM.Web.runners.AllureTestNGRunner -->
    </test> <!-- Regression Test -->
  </suite> <!-- Bdd_Suite -->
</testng-results>
