<?xml version="1.0" encoding="UTF-8"?>
<testng-results ignored="0" total="2" passed="2" failed="0" skipped="0">
  <reporter-output>
  </reporter-output>
  <suite started-at="2025-06-12T11:23:19 IST" name="Bdd_Suite" finished-at="2025-06-12T11:24:27 IST" duration-ms="67525">
    <groups>
      <group name="cucumber">
        <method signature="AbstractTestNGCucumberTests.runScenario(io.cucumber.testng.PickleWrapper,io.cucumber.testng.FeatureWrapper)[pri:0, instance:cogmentoCRM.Web.runners.AllureTestNGRunner@7d5508e0]" name="runScenario" class="io.cucumber.testng.AbstractTestNGCucumberTests"/>
      </group> <!-- cucumber -->
    </groups>
    <test started-at="2025-06-12T11:23:19 IST" name="Regression Test" finished-at="2025-06-12T11:24:27 IST" duration-ms="67525">
      <class name="cogmentoCRM.Web.runners.AllureTestNGRunner">
        <test-method is-config="true" signature="setUpClass(org.testng.ITestContext)[pri:0, instance:cogmentoCRM.Web.runners.AllureTestNGRunner@7d5508e0]" started-at="2025-06-12T11:23:19 IST" name="setUpClass" finished-at="2025-06-12T11:23:20 IST" duration-ms="521" status="PASS">
          <params>
            <param index="0">
              <value>
                <![CDATA[org.testng.TestRunner@2c8662ac]]>
              </value>
            </param>
          </params>
          <reporter-output>
          </reporter-output>
        </test-method> <!-- setUpClass -->
        <test-method signature="runScenario(io.cucumber.testng.PickleWrapper,io.cucumber.testng.FeatureWrapper)[pri:0, instance:cogmentoCRM.Web.runners.AllureTestNGRunner@7d5508e0]" started-at="2025-06-12T11:23:20 IST" name="runScenario" description="Runs Cucumber Scenarios" data-provider="scenarios" finished-at="2025-06-12T11:23:58 IST" duration-ms="38308" status="PASS">
          <params>
            <param index="0">
              <value>
                <![CDATA[""]]>
              </value>
            </param>
            <param index="1">
              <value>
                <![CDATA["Unknown"]]>
              </value>
            </param>
          </params>
          <reporter-output>
          </reporter-output>
        </test-method> <!-- runScenario -->
        <test-method signature="runScenario(io.cucumber.testng.PickleWrapper,io.cucumber.testng.FeatureWrapper)[pri:0, instance:cogmentoCRM.Web.runners.AllureTestNGRunner@7d5508e0]" started-at="2025-06-12T11:23:58 IST" name="runScenario" description="Runs Cucumber Scenarios" data-provider="scenarios" finished-at="2025-06-12T11:24:27 IST" duration-ms="28583" status="PASS">
          <params>
            <param index="0">
              <value>
                <![CDATA[""]]>
              </value>
            </param>
            <param index="1">
              <value>
                <![CDATA["Unknown"]]>
              </value>
            </param>
          </params>
          <reporter-output>
          </reporter-output>
        </test-method> <!-- runScenario -->
        <test-method is-config="true" signature="tearDownClass()[pri:0, instance:cogmentoCRM.Web.runners.AllureTestNGRunner@7d5508e0]" started-at="2025-06-12T11:24:27 IST" name="tearDownClass" finished-at="2025-06-12T11:24:27 IST" duration-ms="4" status="PASS">
          <reporter-output>
          </reporter-output>
        </test-method> <!-- tearDownClass -->
      </class> <!-- cogmentoCRM.Web.runners.AllureTestNGRunner -->
    </test> <!-- Regression Test -->
  </suite> <!-- Bdd_Suite -->
</testng-results>
